<?xml version="1.0" encoding="UTF-8"?>
<!-- Generated by org.testng.reporters.JUnitReportReporter -->
<testsuite hostname="SWAPNILK" failures="0" tests="1" name="com.acmt.testcases.TestBuildYourOwnThreePage" time="40.936" errors="0" timestamp="24 Sep 2019 09:32:13 GMT" skipped="0">
  <testcase classname="com.acmt.testcases.TestBuildYourOwnThreePage" name="verifyCreateNewTaxonomy" time="40.936"/>
</testsuite> <!-- com.acmt.testcases.TestBuildYourOwnThreePage -->
