<?xml version="1.0" encoding="UTF-8"?>
<!-- Generated by org.testng.reporters.JUnitReportReporter -->
<testsuite hostname="SWAPNILK" failures="0" tests="1" name="com.acmt.testcases.TestBuildYourOwnTwoPage" time="40.689" errors="0" timestamp="2019-08-22T13:48:53 IST" skipped="0">
  <testcase classname="com.acmt.testcases.TestBuildYourOwnTwoPage" name="verifyCreateNewTaxonomy" time="40.689"/>
</testsuite> <!-- com.acmt.testcases.TestBuildYourOwnTwoPage -->
