<?xml version="1.0" encoding="UTF-8"?>
<!-- Generated by org.testng.reporters.JUnitReportReporter -->
<testsuite hostname="SWAPNILK" failures="0" tests="1" name="com.acmt.testcases.TestCreateProjectStepOnePage" time="33.484" errors="0" timestamp="2019-08-29T13:21:38 IST" skipped="0">
  <testcase classname="com.acmt.testcases.TestCreateProjectStepOnePage" name="verifyCreateNewProject" time="33.484"/>
</testsuite> <!-- com.acmt.testcases.TestCreateProjectStepOnePage -->
