<?xml version="1.0" encoding="UTF-8"?>
<!-- Generated by org.testng.reporters.JUnitReportReporter -->
<testsuite hostname="SWAPNILK" failures="0" tests="1" name="com.acmt.testcases.TestBuildYourOwnPage" time="23.302" errors="0" timestamp="2019-08-22T11:38:17 IST" skipped="0">
  <testcase classname="com.acmt.testcases.TestBuildYourOwnPage" name="verifyCreateNewTaxonomy" time="23.302"/>
</testsuite> <!-- com.acmt.testcases.TestBuildYourOwnPage -->
