<?xml version="1.0" encoding="UTF-8"?>
<!-- Generated by org.testng.reporters.JUnitReportReporter -->
<testsuite hostname="SWAPNILK" failures="0" tests="1" name="com.acmt.testcases.TestImportFileTax" time="41.512" errors="0" timestamp="28 Oct 2019 10:02:02 GMT" skipped="0">
  <testcase classname="com.acmt.testcases.TestImportFileTax" name="checkImportTaxonomy" time="41.512"/>
</testsuite> <!-- com.acmt.testcases.TestImportFileTax -->
