<?xml version="1.0" encoding="UTF-8"?>
<!-- Generated by org.testng.reporters.JUnitReportReporter -->
<testsuite hostname="SWAPNILK" failures="0" tests="2" name="com.acmt.testcases.TestProjectsPage" time="70.465" errors="0" timestamp="2019-08-30T15:58:43 IST" skipped="0">
  <testcase classname="com.acmt.testcases.TestProjectsPage" name="verifyProjectsPageTitle" time="35.021"/>
  <testcase classname="com.acmt.testcases.TestProjectsPage" name="verifyAddedProject" time="35.444"/>
</testsuite> <!-- com.acmt.testcases.TestProjectsPage -->
