<?xml version="1.0" encoding="UTF-8"?>
<!-- Generated by org.testng.reporters.JUnitReportReporter -->
<testsuite hostname="SWAPNILK" failures="0" tests="1" name="com.acmt.testcases.TestHomePage" time="31.867" errors="0" timestamp="2019-08-21T18:10:30 IST" skipped="0">
  <testcase classname="com.acmt.testcases.TestHomePage" name="verifyHome" time="31.867"/>
</testsuite> <!-- com.acmt.testcases.TestHomePage -->
