<?xml version="1.0" encoding="UTF-8"?>
<!-- Generated by org.testng.reporters.JUnitReportReporter -->
<testsuite hostname="SWAPNILK" failures="0" tests="2" name="com.acmt.testcases.TestTaxonomiesPage" time="51.141" errors="0" timestamp="2019-09-03T14:57:55 IST" skipped="0">
  <testcase classname="com.acmt.testcases.TestTaxonomiesPage" name="verifyAddedTaxonomy" time="28.139"/>
  <testcase classname="com.acmt.testcases.TestTaxonomiesPage" name="verifyTaxonomyPageTitle" time="23.002"/>
</testsuite> <!-- com.acmt.testcases.TestTaxonomiesPage -->
