<?xml version="1.0" encoding="UTF-8"?>
<!-- Generated by org.testng.reporters.JUnitReportReporter -->
<testsuite hostname="SWAPNILK" failures="0" tests="1" name="com.acmt.testcases.TestACMTHome" time="23.831" errors="0" timestamp="2019-08-21T18:10:30 IST" skipped="0">
  <testcase classname="com.acmt.testcases.TestACMTHome" name="verifyAcmtHomeTitle" time="23.831"/>
</testsuite> <!-- com.acmt.testcases.TestACMTHome -->
