<?xml version="1.0" encoding="UTF-8"?>
<!-- Generated by org.testng.reporters.JUnitReportReporter -->
<testsuite hostname="SWAPNILK" failures="0" tests="1" name="com.acmt.testcases.TestInsideTaxonomyPage" time="27.279" errors="0" timestamp="10 Sep 2019 06:50:52 GMT" skipped="0">
  <testcase classname="com.acmt.testcases.TestInsideTaxonomyPage" name="verifyInsideTaxonomy" time="27.279"/>
</testsuite> <!-- com.acmt.testcases.TestInsideTaxonomyPage -->
