<?xml version="1.0" encoding="UTF-8"?>
<!-- Generated by org.testng.reporters.JUnitReportReporter -->
<testsuite hostname="SWAPNILK" failures="0" tests="1" name="com.acmt.testcases.TestLastPublishPage" time="44.636" errors="0" timestamp="30 Sep 2019 09:45:22 GMT" skipped="0">
  <testcase classname="com.acmt.testcases.TestLastPublishPage" name="verifyInsideTaxonomy" time="44.636"/>
</testsuite> <!-- com.acmt.testcases.TestLastPublishPage -->
