<?xml version="1.0" encoding="UTF-8"?>
<!-- Generated by org.testng.reporters.JUnitReportReporter -->
<testsuite hostname="SWAPNILK" failures="0" tests="2" name="com.acmt.testcases.TestLoginPage" time="48.074" errors="0" timestamp="2019-08-21T18:10:30 IST" skipped="0">
  <testcase classname="com.acmt.testcases.TestLoginPage" name="verifyLoginSuccess" time="25.559"/>
  <testcase classname="com.acmt.testcases.TestLoginPage" name="verifyLoginPageTitle" time="22.515"/>
</testsuite> <!-- com.acmt.testcases.TestLoginPage -->
