<?xml version="1.0" encoding="UTF-8"?>
<!-- Generated by org.testng.reporters.JUnitReportReporter -->
<testsuite hostname="SWAPNILK" failures="0" tests="1" name="com.acmt.testcases.TestBuildYourOwnTwoPage" time="23.764" errors="0" timestamp="2019-11-08T13:31:00 IST" skipped="0">
  <testcase classname="com.acmt.testcases.TestBuildYourOwnTwoPage" name="verifyCreateNewTaxonomy" time="23.764"/>
</testsuite> <!-- com.acmt.testcases.TestBuildYourOwnTwoPage -->
